{
  "RSpec": {
    "coverage": {
      "/Users/zakaria/Desktop/projects/trackman/trackman/app/helpers/alarms_helper.rb": [
        1,
        null,
        1,
        0,
        0,
        0,
        0,
        0,
        null,
        null,
        null,
        null,
        null
      ],
      "/Users/zakaria/Desktop/projects/trackman/trackman/app/helpers/application_helper.rb": [
        1,
        null,
        1,
        5,
        5,
        5,
        5,
        0,
        null,
        5,
        null,
        null,
        0,
        null,
        null,
        null,
        null,
        null,
        1,
        0,
        null,
        null,
        1,
        0,
        null,
        null,
        1,
        0,
        null,
        null,
        null,
        null,
        null
      ],
      "/Users/zakaria/Desktop/projects/trackman/trackman/app/helpers/billings_helper.rb": [
        1,
        null
      ],
      "/Users/zakaria/Desktop/projects/trackman/trackman/app/helpers/car_manufacturers_helper.rb": [
        1,
        1,
        0,
        null,
        null
      ],
      "/Users/zakaria/Desktop/projects/trackman/trackman/app/helpers/car_models_helper.rb": [
        1,
        1,
        0,
        null,
        null
      ],
      "/Users/zakaria/Desktop/projects/trackman/trackman/app/helpers/car_types_helper.rb": [
        1,
        1,
        0,
        null,
        null
      ],
      "/Users/zakaria/Desktop/projects/trackman/trackman/app/helpers/cars_helper.rb": [
        1,
        null,
        null,
        null,
        null,
        1,
        0,
        0,
        null,
        0,
        null,
        null,
        null,
        1,
        0,
        null,
        null,
        1,
        0,
        null,
        null,
        1,
        0,
        null,
        null,
        null,
        null,
        null,
        1,
        0,
        0,
        null,
        0,
        null,
        null,
        null,
        1,
        0,
        null,
        null,
        1,
        0,
        null,
        null,
        1,
        0,
        null,
        null,
        null,
        null,
        null,
        null,
        1,
        0,
        0,
        0,
        0,
        null,
        0,
        null,
        null,
        null,
        null,
        null,
        1,
        0,
        0,
        null,
        0,
        null,
        null,
        null,
        null,
        null
      ],
      "/Users/zakaria/Desktop/projects/trackman/trackman/app/helpers/companies_helper.rb": [
        1,
        null
      ],
      "/Users/zakaria/Desktop/projects/trackman/trackman/app/helpers/conditions_helper.rb": [
        1,
        null
      ],
      "/Users/zakaria/Desktop/projects/trackman/trackman/app/helpers/device_manufacturers_helper.rb": [
        1,
        1,
        0,
        null,
        null
      ],
      "/Users/zakaria/Desktop/projects/trackman/trackman/app/helpers/device_models_helper.rb": [
        1,
        1,
        0,
        null,
        null
      ],
      "/Users/zakaria/Desktop/projects/trackman/trackman/app/helpers/device_types_helper.rb": [
        1,
        1,
        0,
        null,
        null
      ],
      "/Users/zakaria/Desktop/projects/trackman/trackman/app/helpers/devices_helper.rb": [
        1,
        null,
        1,
        0,
        0,
        null,
        0,
        null,
        null,
        null,
        1,
        0,
        null,
        null,
        1,
        0,
        null,
        null,
        1,
        0,
        null,
        null,
        null,
        null,
        null,
        null
      ],
      "/Users/zakaria/Desktop/projects/trackman/trackman/app/helpers/features_helper.rb": [
        1,
        null
      ],
      "/Users/zakaria/Desktop/projects/trackman/trackman/app/helpers/groups_helper.rb": [
        1,
        1,
        0,
        null,
        null
      ],
      "/Users/zakaria/Desktop/projects/trackman/trackman/app/helpers/home_helper.rb": [
        1,
        null
      ],
      "/Users/zakaria/Desktop/projects/trackman/trackman/app/helpers/parameters_helper.rb": [
        1,
        null
      ],
      "/Users/zakaria/Desktop/projects/trackman/trackman/app/helpers/plan_types_helper.rb": [
        1,
        null
      ],
      "/Users/zakaria/Desktop/projects/trackman/trackman/app/helpers/plans_helper.rb": [
        1,
        null
      ],
      "/Users/zakaria/Desktop/projects/trackman/trackman/app/helpers/regions_helper.rb": [
        1,
        null
      ],
      "/Users/zakaria/Desktop/projects/trackman/trackman/app/helpers/rules_helper.rb": [
        1,
        null
      ],
      "/Users/zakaria/Desktop/projects/trackman/trackman/app/helpers/simcards_helper.rb": [
        1,
        1,
        0,
        null,
        null
      ],
      "/Users/zakaria/Desktop/projects/trackman/trackman/app/helpers/subdomain_helper.rb": [
        1,
        1,
        0,
        0,
        0,
        0,
        null,
        null,
        1,
        40,
        0,
        null,
        40,
        null,
        null
      ],
      "/Users/zakaria/Desktop/projects/trackman/trackman/app/helpers/subscriptions_helper.rb": [
        1,
        null
      ],
      "/Users/zakaria/Desktop/projects/trackman/trackman/app/helpers/teleproviders_helper.rb": [
        1,
        1,
        0,
        null,
        null
      ],
      "/Users/zakaria/Desktop/projects/trackman/trackman/app/helpers/users_helper.rb": [
        1,
        null,
        1,
        0,
        null,
        null,
        1,
        5,
        null,
        null,
        1,
        0,
        0,
        0,
        0,
        0,
        null,
        0,
        null,
        null,
        null,
        null
      ],
      "/Users/zakaria/Desktop/projects/trackman/trackman/app/helpers/vertices_helper.rb": [
        1,
        null
      ],
      "/Users/zakaria/Desktop/projects/trackman/trackman/app/helpers/work_hours_helper.rb": [
        1,
        null
      ],
      "/Users/zakaria/Desktop/projects/trackman/trackman/app/helpers/work_schedule_groups_helper.rb": [
        1,
        null
      ],
      "/Users/zakaria/Desktop/projects/trackman/trackman/app/helpers/work_schedules_helper.rb": [
        1,
        null
      ],
      "/Users/zakaria/Desktop/projects/trackman/trackman/spec/support/controller_macros.rb": [
        1,
        null,
        null,
        null,
        null,
        null,
        null,
        null,
        1,
        0,
        0,
        0,
        0,
        0,
        null,
        null,
        null
      ],
      "/Users/zakaria/Desktop/projects/trackman/trackman/spec/support/database_cleaner.rb": [
        1,
        null,
        1,
        1,
        1,
        null,
        null,
        1,
        3,
        null,
        null,
        1,
        0,
        null,
        null,
        1,
        3,
        null,
        null,
        1,
        3,
        null,
        null,
        null
      ],
      "/Users/zakaria/Desktop/projects/trackman/trackman/spec/support/sign_in.rb": [
        1,
        1,
        3,
        3,
        3,
        3,
        3,
        null,
        null
      ],
      "/Users/zakaria/Desktop/projects/trackman/trackman/spec/support/sign_out.rb": [
        1,
        1,
        1,
        1,
        null,
        null
      ],
      "/Users/zakaria/Desktop/projects/trackman/trackman/app/models/car.rb": [
        null,
        null,
        null,
        null,
        null,
        null,
        null,
        null,
        null,
        null,
        null,
        null,
        null,
        null,
        null,
        null,
        null,
        null,
        null,
        null,
        null,
        1,
        1,
        1,
        null,
        null,
        null,
        null,
        1,
        null,
        null,
        null,
        null,
        1,
        1,
        1,
        1,
        1,
        1,
        null,
        1,
        null,
        null,
        null,
        1,
        1,
        1,
        1,
        1,
        1,
        null,
        null,
        1,
        null,
        1,
        1,
        1,
        null,
        1,
        null,
        null,
        null,
        1,
        0,
        0,
        null,
        0,
        null,
        null,
        null,
        1,
        0,
        0,
        null,
        0,
        null,
        null,
        null,
        null,
        null,
        1,
        null,
        0,
        null,
        0,
        0,
        0,
        null,
        null,
        null,
        0,
        null,
        null,
        null,
        null,
        1,
        0,
        0,
        null,
        null,
        null,
        1,
        0,
        null,
        null,
        0,
        null,
        0,
        null,
        null,
        null,
        null,
        null,
        null,
        1,
        10,
        null,
        null,
        1,
        0,
        null,
        null,
        1,
        0,
        null,
        null,
        null,
        null,
        null,
        1,
        0,
        null,
        null,
        null,
        1,
        0,
        null,
        null,
        null,
        null,
        null,
        null,
        null,
        1,
        0,
        0,
        null,
        0,
        null,
        null,
        null,
        null,
        1,
        null,
        0,
        0,
        0,
        null,
        null,
        1,
        0,
        null,
        null,
        null,
        null,
        1,
        0,
        0,
        0,
        0,
        0,
        null,
        0,
        0,
        0,
        0,
        null,
        null,
        null,
        null,
        0,
        null,
        null,
        null,
        null,
        0,
        null,
        null,
        null,
        1,
        0,
        0,
        0,
        0,
        0,
        0,
        0,
        0,
        null,
        null,
        null,
        null,
        1,
        5,
        3,
        null,
        2,
        2,
        2,
        2,
        null,
        null,
        null,
        null,
        null,
        null,
        null,
        null,
        null,
        null,
        null,
        null
      ],
      "/Users/zakaria/Desktop/projects/trackman/trackman/app/models/car_manufacturer.rb": [
        null,
        null,
        null,
        null,
        null,
        null,
        null,
        null,
        null,
        null,
        1,
        null,
        1,
        null,
        1,
        null,
        null
      ],
      "/Users/zakaria/Desktop/projects/trackman/trackman/app/models/car_model.rb": [
        null,
        null,
        null,
        null,
        null,
        null,
        null,
        null,
        null,
        null,
        null,
        1,
        1,
        1,
        null,
        1,
        null,
        1,
        null,
        null
      ],
      "/Users/zakaria/Desktop/projects/trackman/trackman/app/models/car_type.rb": [
        null,
        null,
        null,
        null,
        null,
        null,
        null,
        null,
        null,
        null,
        1,
        1,
        null,
        1,
        null
      ],
      "/Users/zakaria/Desktop/projects/trackman/trackman/app/models/device_type.rb": [
        null,
        null,
        null,
        null,
        null,
        null,
        null,
        null,
        null,
        null,
        1,
        1,
        1,
        null
      ],
      "/Users/zakaria/Desktop/projects/trackman/trackman/app/models/device_model.rb": [
        null,
        null,
        null,
        null,
        null,
        null,
        null,
        null,
        null,
        null,
        null,
        null,
        1,
        1,
        1,
        null,
        1,
        null,
        1,
        null,
        null
      ],
      "/Users/zakaria/Desktop/projects/trackman/trackman/app/models/device_manufacturer.rb": [
        null,
        null,
        null,
        null,
        null,
        null,
        null,
        null,
        null,
        null,
        1,
        1,
        null,
        1,
        null
      ],
      "/Users/zakaria/Desktop/projects/trackman/trackman/app/models/role.rb": [
        null,
        null,
        null,
        null,
        null,
        null,
        null,
        null,
        null,
        null,
        1,
        null
      ],
      "/Users/zakaria/Desktop/projects/trackman/trackman/app/models/rule.rb": [
        null,
        null,
        null,
        null,
        null,
        null,
        null,
        null,
        null,
        null,
        null,
        null,
        1,
        null,
        1,
        1,
        1,
        null,
        1,
        null,
        1,
        null,
        null,
        null,
        1,
        0,
        null,
        null,
        1,
        0,
        0,
        0,
        null,
        null,
        null,
        null,
        null,
        1,
        0,
        null,
        0,
        null,
        null,
        null,
        1,
        0,
        0,
        null,
        null,
        null,
        1,
        null,
        null,
        0,
        null,
        null,
        0,
        0,
        null,
        null,
        0,
        null,
        null,
        0,
        null,
        null,
        0,
        null,
        null,
        null,
        null,
        null,
        null,
        null,
        null,
        null,
        null,
        null,
        null,
        0,
        0,
        0,
        null,
        0,
        null,
        null,
        0,
        0,
        0,
        null,
        null,
        0,
        null,
        0,
        null,
        0,
        null,
        null,
        null,
        1,
        null,
        null,
        null,
        null,
        0,
        null,
        null,
        0,
        0,
        null,
        null,
        null,
        null,
        null,
        null,
        null,
        null,
        null,
        null,
        null,
        null,
        0,
        0,
        0,
        0,
        null,
        0,
        0,
        0,
        0,
        0,
        0,
        null,
        null,
        0,
        null,
        0,
        null,
        null,
        0,
        null,
        null,
        null,
        1,
        null,
        0,
        0,
        0,
        null,
        null,
        0,
        0,
        0,
        null,
        0,
        null,
        null,
        null,
        null,
        1,
        null,
        null,
        0,
        null,
        null,
        0,
        null,
        null,
        0,
        0,
        null,
        0,
        0,
        0,
        0,
        0,
        0,
        0,
        null,
        null,
        0,
        0,
        null,
        null,
        null,
        null,
        null,
        null,
        null,
        null,
        null,
        1,
        0,
        0,
        0,
        0,
        0,
        0,
        0,
        0,
        null,
        0,
        null,
        null,
        0,
        null,
        null,
        null,
        null,
        null,
        1,
        0,
        0,
        0,
        0,
        0,
        0,
        0,
        0,
        null,
        0,
        null,
        null,
        0,
        null,
        null,
        null,
        null,
        1,
        null,
        null,
        null,
        null
      ],
      "/Users/zakaria/Desktop/projects/trackman/trackman/app/models/parameter.rb": [
        null,
        null,
        null,
        null,
        null,
        null,
        null,
        null,
        null,
        null,
        null,
        null,
        null,
        1,
        1,
        null
      ],
      "/Users/zakaria/Desktop/projects/trackman/trackman/app/models/teleprovider.rb": [
        null,
        null,
        null,
        null,
        null,
        null,
        null,
        null,
        null,
        null,
        null,
        1,
        1,
        null,
        1,
        null
      ],
      "/Users/zakaria/Desktop/projects/trackman/trackman/app/models/plan_type.rb": [
        null,
        null,
        null,
        null,
        null,
        null,
        null,
        null,
        null,
        null,
        1,
        1,
        1,
        1,
        null,
        1,
        null
      ],
      "/Users/zakaria/Desktop/projects/trackman/trackman/app/models/plan.rb": [
        null,
        null,
        null,
        null,
        null,
        null,
        null,
        null,
        null,
        null,
        null,
        null,
        null,
        null,
        1,
        1,
        1,
        1,
        null,
        1,
        null,
        1,
        null,
        1,
        1,
        0,
        0,
        0,
        null,
        null,
        null,
        null,
        1,
        0,
        null,
        null,
        1,
        0,
        0,
        null,
        null,
        0,
        0,
        null,
        null,
        null,
        1,
        0,
        null,
        null,
        1,
        0,
        0,
        null,
        null,
        null,
        null,
        null,
        null,
        1,
        0,
        null,
        null,
        null
      ],
      "/Users/zakaria/Desktop/projects/trackman/trackman/app/models/company.rb": [
        null,
        null,
        null,
        null,
        null,
        null,
        null,
        null,
        null,
        null,
        null,
        null,
        null,
        1,
        null,
        2,
        null,
        null,
        1,
        1,
        null,
        1,
        1,
        1,
        1,
        1,
        1,
        1,
        1,
        null,
        1,
        null,
        1,
        1,
        1,
        null,
        null,
        null,
        1,
        0,
        0,
        0,
        null,
        0,
        null,
        null,
        null,
        1,
        null,
        0,
        null,
        null,
        null
      ],
      "/Users/zakaria/Desktop/projects/trackman/trackman/app/models/traccar/device.rb": [
        null,
        null,
        null,
        null,
        null,
        null,
        null,
        null,
        null,
        null,
        1,
        1,
        1,
        null,
        1,
        1,
        1,
        null,
        1,
        0,
        null,
        null,
        1,
        0,
        null,
        null,
        null
      ],
      "/Users/zakaria/Desktop/projects/trackman/trackman/app/models/device.rb": [
        null,
        null,
        null,
        null,
        null,
        null,
        null,
        null,
        null,
        null,
        null,
        null,
        null,
        null,
        null,
        null,
        null,
        null,
        null,
        1,
        1,
        null,
        1,
        null,
        1,
        null,
        4,
        4,
        null,
        null,
        1,
        1,
        null,
        1,
        1,
        null,
        1,
        1,
        null,
        1,
        null,
        1,
        1,
        1,
        1,
        1,
        null,
        1,
        null,
        null,
        1,
        0,
        null,
        null,
        1,
        0,
        0,
        null,
        0,
        null,
        null,
        null,
        null,
        null,
        1,
        0,
        null,
        null,
        1,
        0,
        null,
        null,
        1,
        0,
        null,
        null,
        1,
        0,
        0,
        0,
        null,
        null,
        null,
        null,
        1,
        null,
        0,
        null,
        null,
        0,
        null,
        0,
        0,
        0,
        0,
        0,
        null,
        0,
        0,
        0,
        0,
        null,
        0,
        0,
        null,
        null,
        0,
        null,
        null,
        null,
        1,
        0,
        null,
        0,
        null,
        0,
        null,
        null,
        null,
        0,
        0,
        null,
        0,
        null,
        null,
        null,
        null,
        1,
        0,
        null,
        null,
        1,
        8,
        null,
        null,
        null
      ],
      "/Users/zakaria/Desktop/projects/trackman/trackman/app/models/traccar/user_device.rb": [
        null,
        null,
        null,
        null,
        null,
        null,
        null,
        null,
        1,
        1,
        1,
        null,
        1,
        null,
        null,
        1,
        null,
        null
      ],
      "/Users/zakaria/Desktop/projects/trackman/trackman/app/models/traccar/user.rb": [
        null,
        null,
        null,
        null,
        null,
        null,
        null,
        null,
        null,
        null,
        null,
        1,
        1,
        1,
        null,
        1,
        1,
        null,
        1,
        0,
        0,
        0,
        null,
        0,
        null,
        null,
        null
      ],
      "/Users/zakaria/Desktop/projects/trackman/trackman/app/models/traccar/location.rb": [
        null,
        null,
        null,
        null,
        null,
        null,
        null,
        null,
        null,
        null,
        null,
        1,
        1,
        null
      ],
      "/Users/zakaria/Desktop/projects/trackman/trackman/app/controllers/cars_controller.rb": [
        1,
        1,
        1,
        null,
        1,
        1,
        1,
        0,
        0,
        null,
        0,
        null,
        0,
        null,
        null,
        null,
        1,
        0,
        0,
        null,
        0,
        null,
        0,
        null,
        null,
        null,
        1,
        0,
        0,
        0,
        0,
        null,
        null,
        null,
        1,
        5,
        5,
        5,
        5,
        5,
        5,
        5,
        null,
        null,
        null,
        null,
        null,
        0,
        null,
        null,
        null,
        null,
        1,
        0,
        null,
        null,
        null,
        1,
        0,
        null,
        null,
        null,
        null,
        1,
        0,
        0,
        null,
        null,
        0,
        0,
        0,
        0,
        null,
        null,
        null,
        null,
        0,
        0,
        0,
        null,
        null,
        0,
        null,
        0,
        null,
        null,
        null,
        null,
        null,
        1,
        null,
        0,
        0,
        null,
        0,
        null,
        null,
        0,
        0,
        null,
        null,
        null,
        0,
        0,
        null,
        null,
        0,
        0,
        null,
        null,
        null,
        null,
        0,
        0,
        0,
        null,
        null,
        0,
        0,
        null,
        0,
        0,
        null,
        null,
        null,
        null,
        null,
        1,
        0,
        0,
        0,
        0,
        null,
        0,
        null,
        null,
        1,
        0,
        0,
        0,
        0,
        null,
        null,
        null,
        1,
        null,
        1,
        0,
        null,
        null,
        null,
        1,
        0,
        null,
        null,
        1,
        0,
        null,
        null,
        1,
        0,
        null,
        null,
        null
      ],
      "/Users/zakaria/Desktop/projects/trackman/trackman/app/controllers/application_controller.rb": [
        1,
        null,
        null,
        1,
        null,
        1,
        null,
        1,
        1,
        null,
        null,
        null,
        null,
        null,
        1,
        5,
        5,
        5,
        5,
        0,
        0,
        0,
        0,
        0,
        null,
        null,
        null,
        0,
        0,
        null,
        null,
        null,
        1,
        5,
        5,
        5,
        5,
        0,
        null,
        null,
        null,
        null,
        null,
        1,
        0,
        null,
        null,
        null,
        1,
        5,
        5,
        5,
        null,
        null,
        1,
        0,
        null,
        null,
        1,
        5,
        null,
        null,
        1,
        0,
        null,
        null,
        1,
        0,
        null,
        null,
        1,
        0,
        null,
        null,
        null,
        null,
        1,
        null,
        1,
        null,
        1,
        0,
        0,
        null,
        0,
        null,
        null,
        null,
        1,
        5,
        0,
        null,
        5,
        null,
        null,
        null,
        null,
        null,
        null,
        null,
        null
      ],
      "/Users/zakaria/Desktop/projects/trackman/trackman/app/models/alarm_notification.rb": [
        null,
        null,
        null,
        null,
        null,
        null,
        null,
        null,
        null,
        null,
        null,
        null,
        null,
        null,
        1,
        1,
        1,
        null,
        1,
        null
      ],
      "/Users/zakaria/Desktop/projects/trackman/trackman/app/models/alarm.rb": [
        null,
        null,
        null,
        null,
        null,
        null,
        null,
        null,
        null,
        null,
        null,
        null,
        1,
        null,
        null,
        1,
        null,
        1,
        null,
        null,
        1,
        1,
        null,
        1,
        null,
        null,
        1,
        1,
        null,
        null,
        1,
        1,
        null,
        1,
        null,
        1,
        null,
        0,
        null,
        null,
        0,
        null,
        0,
        0,
        null,
        0,
        0,
        null,
        0,
        null,
        null,
        null,
        null,
        0,
        null,
        null,
        null,
        null
      ],
      "/Users/zakaria/Desktop/projects/trackman/trackman/app/models/ability.rb": [
        1,
        1,
        null,
        null,
        null,
        null,
        1,
        5,
        10,
        null,
        null,
        null,
        null,
        1,
        0,
        0,
        null,
        null,
        1,
        5,
        null,
        null,
        null,
        null,
        null,
        null,
        null,
        null,
        null,
        null,
        null,
        null,
        null,
        null,
        null,
        null,
        null,
        1,
        0,
        0,
        0,
        0,
        0,
        0,
        0,
        0,
        null,
        null,
        1,
        0,
        null,
        null,
        null
      ],
      "/Users/zakaria/Desktop/projects/trackman/trackman/app/models/work_schedule.rb": [
        null,
        null,
        null,
        null,
        null,
        null,
        null,
        null,
        null,
        null,
        null,
        null,
        1,
        1,
        null,
        1,
        null,
        1,
        null,
        1,
        null,
        1,
        null,
        1,
        null,
        1,
        0,
        0,
        null,
        0,
        0,
        0,
        0,
        0,
        0,
        0,
        0,
        null,
        null,
        null,
        null,
        0,
        null,
        0,
        null,
        null,
        null,
        null
      ]
    },
    "timestamp": 1419797842
  }
}
