{
  "RSpec": {
    "coverage": {
      "/Users/zakaria/Desktop/projects/trackman/trackman/app/helpers/alarms_helper.rb": [
        1,
        null,
        1,
        0,
        0,
        0,
        0,
        0,
        null,
        null,
        null,
        null,
        null
      ],
      "/Users/zakaria/Desktop/projects/trackman/trackman/app/helpers/application_helper.rb": [
        1,
        null,
        1,
        0,
        0,
        0,
        0,
        0,
        null,
        0,
        null,
        null,
        0,
        null,
        null,
        null,
        null,
        null,
        1,
        0,
        null,
        null,
        1,
        0,
        null,
        null,
        1,
        0,
        null,
        null,
        null,
        null,
        null
      ],
      "/Users/zakaria/Desktop/projects/trackman/trackman/app/helpers/billings_helper.rb": [
        1,
        null
      ],
      "/Users/zakaria/Desktop/projects/trackman/trackman/app/helpers/car_manufacturers_helper.rb": [
        1,
        1,
        0,
        null,
        null
      ],
      "/Users/zakaria/Desktop/projects/trackman/trackman/app/helpers/car_models_helper.rb": [
        1,
        1,
        0,
        null,
        null
      ],
      "/Users/zakaria/Desktop/projects/trackman/trackman/app/helpers/car_types_helper.rb": [
        1,
        1,
        0,
        null,
        null
      ],
      "/Users/zakaria/Desktop/projects/trackman/trackman/app/helpers/cars_helper.rb": [
        1,
        null,
        null,
        null,
        null,
        1,
        0,
        0,
        null,
        0,
        null,
        null,
        null,
        1,
        0,
        null,
        null,
        1,
        0,
        null,
        null,
        1,
        0,
        null,
        null,
        null,
        null,
        null,
        1,
        0,
        0,
        null,
        0,
        null,
        null,
        null,
        1,
        0,
        null,
        null,
        1,
        0,
        null,
        null,
        1,
        0,
        null,
        null,
        null,
        null,
        null,
        null,
        1,
        0,
        0,
        0,
        0,
        null,
        0,
        null,
        null,
        null,
        null,
        null,
        1,
        0,
        0,
        null,
        0,
        null,
        null,
        null,
        null,
        null
      ],
      "/Users/zakaria/Desktop/projects/trackman/trackman/app/helpers/companies_helper.rb": [
        1,
        null
      ],
      "/Users/zakaria/Desktop/projects/trackman/trackman/app/helpers/conditions_helper.rb": [
        1,
        null
      ],
      "/Users/zakaria/Desktop/projects/trackman/trackman/app/helpers/device_manufacturers_helper.rb": [
        1,
        1,
        0,
        null,
        null
      ],
      "/Users/zakaria/Desktop/projects/trackman/trackman/app/helpers/device_models_helper.rb": [
        1,
        1,
        0,
        null,
        null
      ],
      "/Users/zakaria/Desktop/projects/trackman/trackman/app/helpers/device_types_helper.rb": [
        1,
        1,
        0,
        null,
        null
      ],
      "/Users/zakaria/Desktop/projects/trackman/trackman/app/helpers/devices_helper.rb": [
        1,
        null,
        1,
        0,
        0,
        null,
        0,
        null,
        null,
        null,
        1,
        0,
        null,
        null,
        1,
        0,
        null,
        null,
        1,
        0,
        null,
        null,
        null,
        null,
        null,
        null
      ],
      "/Users/zakaria/Desktop/projects/trackman/trackman/app/helpers/features_helper.rb": [
        1,
        null
      ],
      "/Users/zakaria/Desktop/projects/trackman/trackman/app/helpers/groups_helper.rb": [
        1,
        1,
        0,
        null,
        null
      ],
      "/Users/zakaria/Desktop/projects/trackman/trackman/app/helpers/home_helper.rb": [
        1,
        null
      ],
      "/Users/zakaria/Desktop/projects/trackman/trackman/app/helpers/parameters_helper.rb": [
        1,
        null
      ],
      "/Users/zakaria/Desktop/projects/trackman/trackman/app/helpers/plan_types_helper.rb": [
        1,
        null
      ],
      "/Users/zakaria/Desktop/projects/trackman/trackman/app/helpers/plans_helper.rb": [
        1,
        null
      ],
      "/Users/zakaria/Desktop/projects/trackman/trackman/app/helpers/regions_helper.rb": [
        1,
        null
      ],
      "/Users/zakaria/Desktop/projects/trackman/trackman/app/helpers/rules_helper.rb": [
        1,
        null
      ],
      "/Users/zakaria/Desktop/projects/trackman/trackman/app/helpers/simcards_helper.rb": [
        1,
        1,
        0,
        null,
        null
      ],
      "/Users/zakaria/Desktop/projects/trackman/trackman/app/helpers/subdomain_helper.rb": [
        1,
        1,
        0,
        0,
        0,
        0,
        null,
        null,
        1,
        43,
        0,
        null,
        43,
        null,
        null
      ],
      "/Users/zakaria/Desktop/projects/trackman/trackman/app/helpers/subscriptions_helper.rb": [
        1,
        null
      ],
      "/Users/zakaria/Desktop/projects/trackman/trackman/app/helpers/teleproviders_helper.rb": [
        1,
        1,
        0,
        null,
        null
      ],
      "/Users/zakaria/Desktop/projects/trackman/trackman/app/helpers/users_helper.rb": [
        1,
        null,
        1,
        0,
        null,
        null,
        1,
        0,
        null,
        null,
        1,
        0,
        0,
        0,
        0,
        0,
        null,
        0,
        null,
        null,
        null,
        null
      ],
      "/Users/zakaria/Desktop/projects/trackman/trackman/app/helpers/vertices_helper.rb": [
        1,
        null
      ],
      "/Users/zakaria/Desktop/projects/trackman/trackman/app/helpers/work_hours_helper.rb": [
        1,
        null
      ],
      "/Users/zakaria/Desktop/projects/trackman/trackman/app/helpers/work_schedule_groups_helper.rb": [
        1,
        null
      ],
      "/Users/zakaria/Desktop/projects/trackman/trackman/app/helpers/work_schedules_helper.rb": [
        1,
        null
      ],
      "/Users/zakaria/Desktop/projects/trackman/trackman/spec/support/controller_macros.rb": [
        1,
        null,
        null,
        null,
        null,
        null,
        null,
        null,
        1,
        0,
        0,
        0,
        0,
        0,
        null,
        null,
        null
      ],
      "/Users/zakaria/Desktop/projects/trackman/trackman/spec/support/database_cleaner.rb": [
        1,
        null,
        1,
        1,
        1,
        null,
        null,
        1,
        7,
        null,
        null,
        1,
        0,
        null,
        null,
        1,
        7,
        null,
        null,
        1,
        7,
        null,
        null,
        null
      ],
      "/Users/zakaria/Desktop/projects/trackman/trackman/spec/support/sign_in.rb": [
        1,
        0,
        0,
        0,
        0,
        0,
        0,
        null,
        null
      ],
      "/Users/zakaria/Desktop/projects/trackman/trackman/spec/support/sign_out.rb": [
        1,
        1,
        1,
        0,
        null,
        null
      ],
      "/Users/zakaria/Desktop/projects/trackman/trackman/app/models/car_manufacturer.rb": [
        null,
        null,
        null,
        null,
        null,
        null,
        null,
        null,
        null,
        null,
        1,
        null,
        1,
        null,
        1,
        null,
        null
      ],
      "/Users/zakaria/Desktop/projects/trackman/trackman/app/models/car_model.rb": [
        null,
        null,
        null,
        null,
        null,
        null,
        null,
        null,
        null,
        null,
        null,
        1,
        1,
        1,
        null,
        1,
        null,
        1,
        null,
        null
      ],
      "/Users/zakaria/Desktop/projects/trackman/trackman/app/models/car_type.rb": [
        null,
        null,
        null,
        null,
        null,
        null,
        null,
        null,
        null,
        null,
        1,
        1,
        null,
        1,
        null
      ],
      "/Users/zakaria/Desktop/projects/trackman/trackman/app/models/device_type.rb": [
        null,
        null,
        null,
        null,
        null,
        null,
        null,
        null,
        null,
        null,
        1,
        1,
        1,
        null
      ],
      "/Users/zakaria/Desktop/projects/trackman/trackman/app/models/device_model.rb": [
        null,
        null,
        null,
        null,
        null,
        null,
        null,
        null,
        null,
        null,
        null,
        null,
        1,
        1,
        1,
        null,
        1,
        null,
        1,
        null,
        null
      ],
      "/Users/zakaria/Desktop/projects/trackman/trackman/app/models/device_manufacturer.rb": [
        null,
        null,
        null,
        null,
        null,
        null,
        null,
        null,
        null,
        null,
        1,
        1,
        null,
        1,
        null
      ],
      "/Users/zakaria/Desktop/projects/trackman/trackman/app/models/role.rb": [
        null,
        null,
        null,
        null,
        null,
        null,
        null,
        null,
        null,
        null,
        1,
        null
      ],
      "/Users/zakaria/Desktop/projects/trackman/trackman/app/models/rule.rb": [
        null,
        null,
        null,
        null,
        null,
        null,
        null,
        null,
        null,
        null,
        null,
        null,
        1,
        null,
        1,
        1,
        1,
        null,
        1,
        null,
        1,
        null,
        null,
        null,
        1,
        0,
        null,
        null,
        1,
        0,
        0,
        0,
        null,
        null,
        null,
        null,
        null,
        1,
        0,
        null,
        0,
        null,
        null,
        null,
        1,
        0,
        0,
        null,
        null,
        null,
        1,
        null,
        null,
        0,
        null,
        null,
        0,
        0,
        null,
        null,
        0,
        null,
        null,
        0,
        null,
        null,
        0,
        null,
        null,
        null,
        null,
        null,
        null,
        null,
        null,
        null,
        null,
        null,
        null,
        0,
        0,
        0,
        null,
        0,
        null,
        null,
        0,
        0,
        0,
        null,
        null,
        0,
        null,
        0,
        null,
        0,
        null,
        null,
        null,
        1,
        null,
        null,
        null,
        null,
        0,
        null,
        null,
        0,
        0,
        null,
        null,
        null,
        null,
        null,
        null,
        null,
        null,
        null,
        null,
        null,
        null,
        0,
        0,
        0,
        0,
        null,
        0,
        0,
        0,
        0,
        0,
        0,
        null,
        null,
        0,
        null,
        0,
        null,
        null,
        0,
        null,
        null,
        null,
        1,
        null,
        0,
        0,
        0,
        null,
        null,
        0,
        0,
        0,
        null,
        0,
        null,
        null,
        null,
        null,
        1,
        null,
        null,
        0,
        null,
        null,
        0,
        null,
        null,
        0,
        0,
        null,
        0,
        0,
        0,
        0,
        0,
        0,
        0,
        null,
        null,
        0,
        0,
        null,
        null,
        null,
        null,
        null,
        null,
        null,
        null,
        null,
        1,
        0,
        0,
        0,
        0,
        0,
        0,
        0,
        0,
        null,
        0,
        null,
        null,
        0,
        null,
        null,
        null,
        null,
        null,
        1,
        0,
        0,
        0,
        0,
        0,
        0,
        0,
        0,
        null,
        0,
        null,
        null,
        0,
        null,
        null,
        null,
        null,
        1,
        null,
        null,
        null,
        null
      ],
      "/Users/zakaria/Desktop/projects/trackman/trackman/app/models/parameter.rb": [
        null,
        null,
        null,
        null,
        null,
        null,
        null,
        null,
        null,
        null,
        null,
        null,
        null,
        1,
        1,
        null
      ],
      "/Users/zakaria/Desktop/projects/trackman/trackman/app/models/teleprovider.rb": [
        null,
        null,
        null,
        null,
        null,
        null,
        null,
        null,
        null,
        null,
        null,
        1,
        1,
        null,
        1,
        null
      ],
      "/Users/zakaria/Desktop/projects/trackman/trackman/app/models/plan_type.rb": [
        null,
        null,
        null,
        null,
        null,
        null,
        null,
        null,
        null,
        null,
        1,
        1,
        1,
        1,
        null,
        1,
        null
      ],
      "/Users/zakaria/Desktop/projects/trackman/trackman/app/models/plan.rb": [
        null,
        null,
        null,
        null,
        null,
        null,
        null,
        null,
        null,
        null,
        null,
        null,
        null,
        null,
        1,
        1,
        1,
        1,
        null,
        1,
        null,
        1,
        null,
        1,
        1,
        0,
        0,
        0,
        null,
        null,
        null,
        null,
        1,
        0,
        null,
        null,
        1,
        0,
        0,
        null,
        null,
        0,
        0,
        null,
        null,
        null,
        1,
        0,
        null,
        null,
        1,
        0,
        0,
        null,
        null,
        null,
        null,
        null,
        null,
        1,
        0,
        null,
        null,
        null
      ],
      "/Users/zakaria/Desktop/projects/trackman/trackman/app/models/company.rb": [
        null,
        null,
        null,
        null,
        null,
        null,
        null,
        null,
        null,
        null,
        null,
        null,
        null,
        1,
        null,
        3,
        null,
        null,
        1,
        1,
        null,
        1,
        1,
        1,
        1,
        1,
        1,
        1,
        1,
        null,
        1,
        null,
        1,
        2,
        2,
        null,
        null,
        null,
        1,
        0,
        0,
        0,
        null,
        0,
        null,
        null,
        null,
        1,
        null,
        0,
        null,
        null,
        null
      ],
      "/Users/zakaria/Desktop/projects/trackman/trackman/app/controllers/registrations_controller.rb": [
        1,
        null,
        1,
        null,
        null,
        1,
        null,
        7,
        7,
        7,
        null,
        7,
        1,
        1,
        1,
        null,
        1,
        1,
        null,
        null,
        1,
        null,
        0,
        0,
        0,
        null,
        null,
        0,
        0,
        null,
        null,
        6,
        2,
        null,
        6,
        6,
        null,
        null,
        null,
        null,
        null,
        null,
        null,
        1,
        7,
        null,
        null,
        1,
        1,
        null,
        null,
        1,
        null,
        1,
        14,
        7,
        null,
        null,
        14,
        0,
        null,
        null,
        null,
        null,
        null,
        null
      ],
      "/Users/zakaria/Desktop/projects/trackman/trackman/app/controllers/application_controller.rb": [
        1,
        null,
        null,
        1,
        null,
        1,
        null,
        1,
        1,
        null,
        null,
        null,
        null,
        null,
        1,
        16,
        16,
        2,
        2,
        14,
        0,
        0,
        0,
        14,
        null,
        null,
        null,
        0,
        0,
        null,
        null,
        null,
        1,
        16,
        16,
        0,
        0,
        0,
        null,
        null,
        null,
        null,
        null,
        1,
        0,
        null,
        null,
        null,
        1,
        16,
        16,
        16,
        null,
        null,
        1,
        0,
        null,
        null,
        1,
        30,
        null,
        null,
        1,
        14,
        null,
        null,
        1,
        0,
        null,
        null,
        1,
        0,
        null,
        null,
        null,
        null,
        1,
        null,
        1,
        null,
        1,
        0,
        0,
        null,
        0,
        null,
        null,
        null,
        1,
        14,
        14,
        null,
        0,
        null,
        null,
        null,
        null,
        null,
        null,
        null,
        null
      ],
      "/Users/zakaria/Desktop/projects/trackman/trackman/app/controllers/home_controller.rb": [
        1,
        1,
        1,
        0,
        0,
        0,
        0,
        0,
        0,
        null,
        null,
        0,
        null,
        0,
        null,
        0,
        null,
        null,
        null,
        null,
        null,
        null,
        null,
        null,
        1,
        null,
        null,
        null,
        1,
        null,
        null,
        null
      ]
    },
    "timestamp": 1419796133
  }
}
